Line metrics summed over 1 units
  all lines            : 183
  code lines           : 152
  comment lines        : 3
  end-of-line comments : 0
  comment percentage   : 1.93
  blank lines          : 28

Average lines in body: 16.55

Element metrics summed over 1 units
  all statements      : 42
  all declarations    : 52
  logical SLOC        : 94

 3 type declarations in 1 units

 1 public subprograms in 1 units

 6 subprogram bodies in 1 units

Average cyclomatic complexity: 1.66

Coupling metrics:
=================
   Unit Maquina_Refrescos (C:\Users\marcl\Desktop\Exercici_2\maquina_refrescos.adb)
      control fan-out coupling  : 0
      control fan-in coupling   : 0
      unit fan-out coupling     : 0
      unit fan-in coupling      : 0
